# This file was automatically created by FeynRules 2.3.36
# Mathematica version: 11.3.0 for Linux x86 (64-bit) (March 7, 2018)
# Date: Wed 24 Feb 2021 17:34:02


# 
# This is the logfile for the model Zee Model

# Authors: Yang Ma
# Model version: 1.0.0
# Checking the Quantum numbers
   * Electric charge defined.
# Checking the Lagrangians
   * All Lagrangians are ok.
#
# Particle definitions
#

   * No particles removed. All particles correspond to GenInt setup.

# Automatically assigned PDG numbers
   * Assigned PDG number 9000001 to particle ghA
   * Assigned PDG number 9000002 to particle ghZ
   * Assigned PDG number 9000003 to particle ghWp
   * Assigned PDG number 9000004 to particle ghWm


# Compulsory PDG codes:
   * Class SM leptons complete.
   * Class SM neutrinos complete.
   * Class SM quarks complete.
   * Class SM gauge bosons complete.
#
# Parameter definitions
#

   * All parameters are ok.


# Vertices
   * Calling FeynmanRules for 1 Lagrangians.
   * Number of classes vertices: 397
   * Number of flavored vertices: 489
   * Saved vertices in InterfaceRun[ 1 ].
   * Checked QNumber conservation.
      - Quantum number GhostNumber conserved in all vertices.
      - Quantum number LeptonNumber NOT conserved in the following vertices
          {Hpbar, vebar, mubar}
          {Hpbar, vebar, tabar}
          {Hpbar, vmbar, ebar}
          {Hpbar, vmbar, tabar}
          {Hpbar, vtbar, ebar}
          {Hpbar, vtbar, mubar}
          {HpHbar, vebar, mubar}
          {HpHbar, vebar, tabar}
          {HpHbar, vmbar, ebar}
          {HpHbar, vmbar, tabar}
          {HpHbar, vtbar, ebar}
          {HpHbar, vtbar, mubar}
          {Hp, e, vm}
          {Hp, e, vt}
          {Hp, mu, ve}
          {Hp, mu, vt}
          {Hp, ta, ve}
          {Hp, ta, vm}
          {HpH, e, vm}
          {HpH, e, vt}
          {HpH, mu, ve}
          {HpH, mu, vt}
          {HpH, ta, ve}
          {HpH, ta, vm}
      - Quantum number Q conserved in all vertices.
      - Quantum number Y conserved in all vertices.
   * particles.py written.
   * parameters.py written.
#
# Vertex definitions
#

   * 475 vertices written.
   * vertices.py written.
#
# Lorentz structure definitions
#

   * 41 lorentz structures written.
   * lorentz.py written.
#
# Coupling definitions
#

   * 364 couplings written.
   * couplings.py written.
#
# Coupling order definitions
#

   * 0 couplings orders written.
   * coupling_orders.py written.
#
# Decay definitions
#

   * 16 decays written.
   * decay.py not written
#
# CTCoupling definitions
#

   * 368 CTcouplings written.
   * CT_couplings.py written.
#
# CTVertex definitions
#

   * 143 CTvertices written.
   * CT_vertices.py written.
